<?xml version="1.0" encoding="UTF-8"?>
<!-- Generated by org.testng.reporters.JUnitReportReporter -->
<testsuite skipped="0" hostname="DESKTOP-UOFAM8G" name="com.google.finance.tests.GoogleFinancePageTests" tests="2" failures="0" timestamp="2023-04-11T12:43:15 EDT" time="0.818" errors="0">
  <testcase name="googleFinancePageTitleVerificationTest" time="0.662" classname="com.google.finance.tests.GoogleFinancePageTests"/>
  <system-out/>
  <testcase name="testGoogleFinanceStockSymbols" time="0.156" classname="com.google.finance.tests.GoogleFinancePageTests"/>
  <system-out/>
</testsuite> <!-- com.google.finance.tests.GoogleFinancePageTests -->
